{
  "stats": {
    "suites": 1,
    "tests": 1,
    "passes": 1,
    "pending": 0,
    "failures": 0,
    "start": "2023-01-17T12:06:33.906Z",
    "end": "2023-01-17T12:06:37.229Z",
    "duration": 3323,
    "testsRegistered": 1,
    "passPercent": 100,
    "pendingPercent": 0,
    "other": 0,
    "hasOther": false,
    "skipped": 0,
    "hasSkipped": false
  },
  "results": [
    {
      "uuid": "bee8805d-fe6c-4b74-bf05-afaa307b0520",
      "title": "",
      "fullFile": "cypress/integration/customCommands.js",
      "file": "cypress/integration/customCommands.js",
      "beforeHooks": [],
      "afterHooks": [],
      "tests": [],
      "suites": [
        {
          "uuid": "3a4ea98f-5a4d-477b-935e-6a789bc76749",
          "title": "E2E - Custom Commands",
          "fullFile": "",
          "file": "",
          "beforeHooks": [],
          "afterHooks": [],
          "tests": [
            {
              "title": "Przykład zastosowania komendy",
              "fullTitle": "E2E - Custom Commands Przykład zastosowania komendy",
              "timedOut": null,
              "duration": 3244,
              "state": "passed",
              "speed": "fast",
              "pass": true,
              "fail": false,
              "pending": false,
              "context": null,
              "code": "cy.openFAQTab();",
              "err": {},
              "uuid": "19379c43-ac68-4c67-9468-88cb1a4fb861",
              "parentUUID": "3a4ea98f-5a4d-477b-935e-6a789bc76749",
              "isHook": false,
              "skipped": false
            }
          ],
          "suites": [],
          "passes": [
            "19379c43-ac68-4c67-9468-88cb1a4fb861"
          ],
          "failures": [],
          "pending": [],
          "skipped": [],
          "duration": 3244,
          "root": false,
          "rootEmpty": false,
          "_timeout": 2000
        }
      ],
      "passes": [],
      "failures": [],
      "pending": [],
      "skipped": [],
      "duration": 0,
      "root": true,
      "rootEmpty": true,
      "_timeout": 2000
    }
  ],
  "meta": {
    "mocha": {
      "version": "7.0.1"
    },
    "mochawesome": {
      "options": {
        "quiet": false,
        "reportFilename": "mochawesome",
        "saveHtml": false,
        "saveJson": true,
        "consoleReporter": "spec",
        "useInlineDiffs": false,
        "code": true
      },
      "version": "7.1.3"
    },
    "marge": {
      "options": {
        "id": "default",
        "reportDir": "cypress/results/mochawesome",
        "overwrite": false,
        "html": false,
        "json": true
      },
      "version": "6.2.0"
    }
  }
}