{
  "stats": {
    "suites": 1,
    "tests": 2,
    "passes": 2,
    "pending": 0,
    "failures": 0,
    "start": "2023-01-17T12:08:13.129Z",
    "end": "2023-01-17T12:08:25.993Z",
    "duration": 12864,
    "testsRegistered": 2,
    "passPercent": 100,
    "pendingPercent": 0,
    "other": 0,
    "hasOther": false,
    "skipped": 0,
    "hasSkipped": false
  },
  "results": [
    {
      "uuid": "59521b9e-8ee8-41f0-8fdf-34d760dfc495",
      "title": "",
      "fullFile": "cypress/integration/trigerSmyk.js",
      "file": "cypress/integration/trigerSmyk.js",
      "beforeHooks": [],
      "afterHooks": [],
      "tests": [],
      "suites": [
        {
          "uuid": "24b95e74-bdd7-4e82-ad22-e2a557057665",
          "title": "E2E - Skrolowanie / Najechanie",
          "fullFile": "",
          "file": "",
          "beforeHooks": [],
          "afterHooks": [],
          "tests": [
            {
              "title": "Najechanie na dany element - Smyk",
              "fullTitle": "E2E - Skrolowanie / Najechanie Najechanie na dany element - Smyk",
              "timedOut": null,
              "duration": 7096,
              "state": "passed",
              "speed": "medium",
              "pass": true,
              "fail": false,
              "pending": false,
              "context": null,
              "code": "cy.visit(\"https://www.smyk.com/?gclid=CjwKCAiAzKqdBhAnEiwAePEjkvzlCSGBJAZBN3vpTrPVwVH2r-HQBhxyGIgMx4tpwnhLkRXKC0V2ZxoC6wEQAvD_BwE&gclsrc=aw.ds\");\ncy.get(\".text__title\").eq(1).click().trigger(\"focus\");\ncy.get('ul.sublist__menu-list div[title=\"Ubrania\"]').click();",
              "err": {},
              "uuid": "91a71bb6-ea07-49e5-8aa5-a982631503a8",
              "parentUUID": "24b95e74-bdd7-4e82-ad22-e2a557057665",
              "isHook": false,
              "skipped": false
            },
            {
              "title": "Skrolowanie do boxa Kategorie",
              "fullTitle": "E2E - Skrolowanie / Najechanie Skrolowanie do boxa Kategorie",
              "timedOut": null,
              "duration": 1597,
              "state": "passed",
              "speed": "fast",
              "pass": true,
              "fail": false,
              "pending": false,
              "context": null,
              "code": "cy.get('div[title=\"<span font-size: 17px;>KATEGORIE</span>\"]').scrollIntoView();",
              "err": {},
              "uuid": "21636b5d-8d84-4eab-bdb4-ff5e803daf12",
              "parentUUID": "24b95e74-bdd7-4e82-ad22-e2a557057665",
              "isHook": false,
              "skipped": false
            }
          ],
          "suites": [],
          "passes": [
            "91a71bb6-ea07-49e5-8aa5-a982631503a8",
            "21636b5d-8d84-4eab-bdb4-ff5e803daf12"
          ],
          "failures": [],
          "pending": [],
          "skipped": [],
          "duration": 8693,
          "root": false,
          "rootEmpty": false,
          "_timeout": 2000
        }
      ],
      "passes": [],
      "failures": [],
      "pending": [],
      "skipped": [],
      "duration": 0,
      "root": true,
      "rootEmpty": true,
      "_timeout": 2000
    }
  ],
  "meta": {
    "mocha": {
      "version": "7.0.1"
    },
    "mochawesome": {
      "options": {
        "quiet": false,
        "reportFilename": "mochawesome",
        "saveHtml": false,
        "saveJson": true,
        "consoleReporter": "spec",
        "useInlineDiffs": false,
        "code": true
      },
      "version": "7.1.3"
    },
    "marge": {
      "options": {
        "id": "default",
        "reportDir": "cypress/results/mochawesome",
        "overwrite": false,
        "html": false,
        "json": true
      },
      "version": "6.2.0"
    }
  }
}