{
  "stats": {
    "suites": 1,
    "tests": 1,
    "passes": 0,
    "pending": 0,
    "failures": 1,
    "start": "2023-01-16T13:27:36.006Z",
    "end": "2023-01-16T13:27:48.528Z",
    "duration": 12522,
    "testsRegistered": 1,
    "passPercent": 0,
    "pendingPercent": 0,
    "other": 1,
    "hasOther": true,
    "skipped": 0,
    "hasSkipped": false
  },
  "results": [
    {
      "uuid": "91340547-0731-44e4-a719-bcc05685dc2a",
      "title": "",
      "fullFile": "cypress/integration/klikniecie.js",
      "file": "cypress/integration/klikniecie.js",
      "beforeHooks": [],
      "afterHooks": [],
      "tests": [],
      "suites": [
        {
          "uuid": "32bbd4bb-ce03-4965-b04c-72cc8cb4ea07",
          "title": "E2E - Akcje kliknięcia",
          "fullFile": "",
          "file": "",
          "beforeHooks": [],
          "afterHooks": [],
          "tests": [
            {
              "title": "kliknięcie na element",
              "fullTitle": "E2E - Akcje kliknięcia kliknięcie na element",
              "timedOut": null,
              "duration": 4128,
              "state": "failed",
              "speed": null,
              "pass": false,
              "fail": true,
              "pending": false,
              "context": null,
              "code": "cy.visit(\"/\");\ncy.get(\".z-navicat-header_navToolItem-wishlist\").click();\ncy.get('[class=\"b69iQl _5Yd-hZ\"]').eq(0).click({\n  force: true\n}); //cy.get('[aria-hidden=\"true\"]').eq(1).click();",
              "err": {
                "message": "CypressError: Cypress command timeout of `4000ms` exceeded.\n\nBecause this error occurred during a `after all` hook we are skipping all of the remaining tests.",
                "estack": "CypressError: Cypress command timeout of `4000ms` exceeded.\n\nBecause this error occurred during a `after all` hook we are skipping all of the remaining tests.\ncypressErr@https://www.zalando.pl/__cypress/runner/cypress_runner.js:176336:18\nerrByPath@https://www.zalando.pl/__cypress/runner/cypress_runner.js:176405:10\n../driver/src/cypress/mocha.ts/patchRunnableResetTimeout/Runnable.prototype.resetTimeout/this.timer<@https://www.zalando.pl/__cypress/runner/cypress_runner.js:178159:80\n",
                "diff": null
              },
              "uuid": "493a2b8e-85b2-4893-9a1f-b4f1c0a74419",
              "parentUUID": "32bbd4bb-ce03-4965-b04c-72cc8cb4ea07",
              "isHook": false,
              "skipped": false
            }
          ],
          "suites": [],
          "passes": [],
          "failures": [
            "493a2b8e-85b2-4893-9a1f-b4f1c0a74419"
          ],
          "pending": [],
          "skipped": [],
          "duration": 4128,
          "root": false,
          "rootEmpty": false,
          "_timeout": 2000
        }
      ],
      "passes": [],
      "failures": [],
      "pending": [],
      "skipped": [],
      "duration": 0,
      "root": true,
      "rootEmpty": true,
      "_timeout": 2000
    }
  ],
  "meta": {
    "mocha": {
      "version": "7.0.1"
    },
    "mochawesome": {
      "options": {
        "quiet": false,
        "reportFilename": "mochawesome",
        "saveHtml": false,
        "saveJson": true,
        "consoleReporter": "spec",
        "useInlineDiffs": false,
        "code": true
      },
      "version": "7.1.3"
    },
    "marge": {
      "options": {
        "id": "default",
        "reportDir": "cypress/results/mochawesome",
        "overwrite": false,
        "html": false,
        "json": true
      },
      "version": "6.2.0"
    }
  }
}