{
  "stats": {
    "suites": 1,
    "tests": 1,
    "passes": 0,
    "pending": 0,
    "failures": 1,
    "start": "2023-01-17T12:07:35.299Z",
    "end": "2023-01-17T12:07:45.523Z",
    "duration": 10224,
    "testsRegistered": 1,
    "passPercent": 0,
    "pendingPercent": 0,
    "other": 0,
    "hasOther": false,
    "skipped": 0,
    "hasSkipped": false
  },
  "results": [
    {
      "uuid": "3d1f837d-5944-4c82-9f6b-09e86f934498",
      "title": "",
      "fullFile": "cypress/integration/select.js",
      "file": "cypress/integration/select.js",
      "beforeHooks": [],
      "afterHooks": [],
      "tests": [],
      "suites": [
        {
          "uuid": "c38d4814-b58d-4226-9c76-09055862e82a",
          "title": "E2E - Akcja wybrania opcji selekt",
          "fullFile": "",
          "file": "",
          "beforeHooks": [],
          "afterHooks": [],
          "tests": [
            {
              "title": "Wybieranie wszystkich opcji",
              "fullTitle": "E2E - Akcja wybrania opcji selekt Wybieranie wszystkich opcji",
              "timedOut": null,
              "duration": 9902,
              "state": "failed",
              "speed": null,
              "pass": false,
              "fail": true,
              "pending": false,
              "context": null,
              "code": "cy.visit(\"/akcesoria-torby-kobiety/\");\ncy.get('[aria-label=\"filtruj po Rozmiar\"]').click();\n_selectPage.default.selectAllOption(); // cy.get('[class=\"_0ofwUT KVKCn3 DpImHu n-pMx8 cXrhYr reVeb9 _0xLoFW _78xIQ- LyRfpJ zvYeCP\"]').then(select => {\n//     cy.wrap(select).find(\"label\").each(opcja =>{\n//         cy.wrap(select).select(opcja.text())\n//     })\n//cy.get('[aria-label=\"filtruj po Rozmiar\"]').invoke(\"attr\", \"role\").then(role =>{\n//     cy.log(role)",
              "err": {
                "message": "AssertionError: Timed out retrying after 4000ms: Expected to find element: `[class=\"_0ofwUT KVKCn3 DpImHu n-pMx8 cXrhYr reVeb9 _0xLoFW _78xIQ- LyRfpJ zvYeCP\"]`, but never found it.",
                "estack": "AssertionError: Timed out retrying after 4000ms: Expected to find element: `[class=\"_0ofwUT KVKCn3 DpImHu n-pMx8 cXrhYr reVeb9 _0xLoFW _78xIQ- LyRfpJ zvYeCP\"]`, but never found it.\n    at SelectPage.get select [as select] (https://www.zalando.pl/__cypress/tests?p=cypress\\integration\\select.js:163:15)\n    at SelectPage.selectAllOption (https://www.zalando.pl/__cypress/tests?p=cypress\\integration\\select.js:167:10)\n    at Context.eval (https://www.zalando.pl/__cypress/tests?p=cypress\\integration\\select.js:134:25)",
                "diff": null
              },
              "uuid": "5d6e617b-d6d6-4681-b53e-948d1f39f09b",
              "parentUUID": "c38d4814-b58d-4226-9c76-09055862e82a",
              "isHook": false,
              "skipped": false
            }
          ],
          "suites": [],
          "passes": [],
          "failures": [
            "5d6e617b-d6d6-4681-b53e-948d1f39f09b"
          ],
          "pending": [],
          "skipped": [],
          "duration": 9902,
          "root": false,
          "rootEmpty": false,
          "_timeout": 2000
        }
      ],
      "passes": [],
      "failures": [],
      "pending": [],
      "skipped": [],
      "duration": 0,
      "root": true,
      "rootEmpty": true,
      "_timeout": 2000
    }
  ],
  "meta": {
    "mocha": {
      "version": "7.0.1"
    },
    "mochawesome": {
      "options": {
        "quiet": false,
        "reportFilename": "mochawesome",
        "saveHtml": false,
        "saveJson": true,
        "consoleReporter": "spec",
        "useInlineDiffs": false,
        "code": true
      },
      "version": "7.1.3"
    },
    "marge": {
      "options": {
        "id": "default",
        "reportDir": "cypress/results/mochawesome",
        "overwrite": false,
        "html": false,
        "json": true
      },
      "version": "6.2.0"
    }
  }
}