{
  "stats": {
    "suites": 1,
    "tests": 1,
    "passes": 1,
    "pending": 0,
    "failures": 0,
    "start": "2023-01-16T13:28:39.258Z",
    "end": "2023-01-16T13:28:47.146Z",
    "duration": 7888,
    "testsRegistered": 1,
    "passPercent": 100,
    "pendingPercent": 0,
    "other": 0,
    "hasOther": false,
    "skipped": 0,
    "hasSkipped": false
  },
  "results": [
    {
      "uuid": "2972359b-d4c3-4d13-977c-a7b523d3acb1",
      "title": "",
      "fullFile": "cypress/integration/klikniecie.js",
      "file": "cypress/integration/klikniecie.js",
      "beforeHooks": [],
      "afterHooks": [],
      "tests": [],
      "suites": [
        {
          "uuid": "be33d466-81d6-4001-bcde-e0b8e10790fc",
          "title": "E2E - Akcje kliknięcia",
          "fullFile": "",
          "file": "",
          "beforeHooks": [],
          "afterHooks": [],
          "tests": [
            {
              "title": "kliknięcie na element",
              "fullTitle": "E2E - Akcje kliknięcia kliknięcie na element",
              "timedOut": null,
              "duration": 7815,
              "state": "passed",
              "speed": "medium",
              "pass": true,
              "fail": false,
              "pending": false,
              "context": null,
              "code": "cy.visit(\"/\");\ncy.get(\".z-navicat-header_navToolItem-wishlist\").click();\ncy.get('[class=\"b69iQl _5Yd-hZ\"]').eq(0).click({\n  force: true\n}); //cy.get('[aria-hidden=\"true\"]').eq(1).click();",
              "err": {},
              "uuid": "2f884d72-c863-4984-9829-b7b1a529a296",
              "parentUUID": "be33d466-81d6-4001-bcde-e0b8e10790fc",
              "isHook": false,
              "skipped": false
            }
          ],
          "suites": [],
          "passes": [
            "2f884d72-c863-4984-9829-b7b1a529a296"
          ],
          "failures": [],
          "pending": [],
          "skipped": [],
          "duration": 7815,
          "root": false,
          "rootEmpty": false,
          "_timeout": 2000
        }
      ],
      "passes": [],
      "failures": [],
      "pending": [],
      "skipped": [],
      "duration": 0,
      "root": true,
      "rootEmpty": true,
      "_timeout": 2000
    }
  ],
  "meta": {
    "mocha": {
      "version": "7.0.1"
    },
    "mochawesome": {
      "options": {
        "quiet": false,
        "reportFilename": "mochawesome",
        "saveHtml": false,
        "saveJson": true,
        "consoleReporter": "spec",
        "useInlineDiffs": false,
        "code": true
      },
      "version": "7.1.3"
    },
    "marge": {
      "options": {
        "id": "default",
        "reportDir": "cypress/results/mochawesome",
        "overwrite": false,
        "html": false,
        "json": true
      },
      "version": "6.2.0"
    }
  }
}