{
  "stats": {
    "suites": 1,
    "tests": 1,
    "passes": 1,
    "pending": 0,
    "failures": 0,
    "start": "2023-01-17T12:07:50.551Z",
    "end": "2023-01-17T12:07:56.211Z",
    "duration": 5660,
    "testsRegistered": 1,
    "passPercent": 100,
    "pendingPercent": 0,
    "other": 0,
    "hasOther": false,
    "skipped": 0,
    "hasSkipped": false
  },
  "results": [
    {
      "uuid": "9363dbf8-d39c-424f-af13-0b3f5102a84c",
      "title": "",
      "fullFile": "cypress/integration/shadow.js",
      "file": "cypress/integration/shadow.js",
      "beforeHooks": [],
      "afterHooks": [],
      "tests": [],
      "suites": [
        {
          "uuid": "e322ddea-465e-4bbe-be40-4a023c70bebe",
          "title": "E2E - Shadow Dom",
          "fullFile": "",
          "file": "",
          "beforeHooks": [],
          "afterHooks": [],
          "tests": [
            {
              "title": "Wykorzystanie metody shadow",
              "fullTitle": "E2E - Shadow Dom Wykorzystanie metody shadow",
              "timedOut": null,
              "duration": 1961,
              "state": "passed",
              "speed": "fast",
              "pass": true,
              "fail": false,
              "pending": false,
              "context": null,
              "code": "cy.visit(\"https://www.htmlelements.com/demos/menu/shadow-dom/index.htm\");\ncy.get(\".smart-ui-component\").shadow().contains(\"Edit\").click();",
              "err": {},
              "uuid": "dc5961f3-88b9-4544-90bf-eb86709a2958",
              "parentUUID": "e322ddea-465e-4bbe-be40-4a023c70bebe",
              "isHook": false,
              "skipped": false
            }
          ],
          "suites": [],
          "passes": [
            "dc5961f3-88b9-4544-90bf-eb86709a2958"
          ],
          "failures": [],
          "pending": [],
          "skipped": [],
          "duration": 1961,
          "root": false,
          "rootEmpty": false,
          "_timeout": 2000
        }
      ],
      "passes": [],
      "failures": [],
      "pending": [],
      "skipped": [],
      "duration": 0,
      "root": true,
      "rootEmpty": true,
      "_timeout": 2000
    }
  ],
  "meta": {
    "mocha": {
      "version": "7.0.1"
    },
    "mochawesome": {
      "options": {
        "quiet": false,
        "reportFilename": "mochawesome",
        "saveHtml": false,
        "saveJson": true,
        "consoleReporter": "spec",
        "useInlineDiffs": false,
        "code": true
      },
      "version": "7.1.3"
    },
    "marge": {
      "options": {
        "id": "default",
        "reportDir": "cypress/results/mochawesome",
        "overwrite": false,
        "html": false,
        "json": true
      },
      "version": "6.2.0"
    }
  }
}