{
  "stats": {
    "suites": 1,
    "tests": 3,
    "passes": 3,
    "pending": 0,
    "failures": 0,
    "start": "2023-01-17T12:06:11.088Z",
    "end": "2023-01-17T12:06:21.180Z",
    "duration": 10092,
    "testsRegistered": 3,
    "passPercent": 100,
    "pendingPercent": 0,
    "other": 0,
    "hasOther": false,
    "skipped": 0,
    "hasSkipped": false
  },
  "results": [
    {
      "uuid": "187e57cd-cb46-42bf-b580-f683af0bbd30",
      "title": "",
      "fullFile": "cypress/integration/api/pierwszyTestAPI.js",
      "file": "cypress/integration/api/pierwszyTestAPI.js",
      "beforeHooks": [],
      "afterHooks": [],
      "tests": [],
      "suites": [
        {
          "uuid": "a5258807-c047-41b5-b3dd-768dbca160cb",
          "title": "E2E - Testy API",
          "fullFile": "",
          "file": "",
          "beforeHooks": [],
          "afterHooks": [],
          "tests": [
            {
              "title": "Werefikacja tagów API",
              "fullTitle": "E2E - Testy API Werefikacja tagów API",
              "timedOut": null,
              "duration": 2614,
              "state": "passed",
              "speed": "fast",
              "pass": true,
              "fail": false,
              "pending": false,
              "context": null,
              "code": "cy.intercept(\"GET\", \"https://api.realworld.io/api/tags\").as(\"requestTag\");\ncy.visit(\"https://angular.realworld.io/\");\ncy.wait(\"@requestTag\");\ncy.get(\"@requestTag\").then(res => {\n  console.log(res);\n  expect(res.response.statusCode).to.equal(200);\n  expect(res.response.body.tags).to.contain(\"welcome\").and.to.contain(\"implementations\");\n});",
              "err": {},
              "uuid": "93bb9460-eca3-4059-980f-f31cf9429965",
              "parentUUID": "a5258807-c047-41b5-b3dd-768dbca160cb",
              "isHook": false,
              "skipped": false
            },
            {
              "title": "Niepoprawne logowanie",
              "fullTitle": "E2E - Testy API Niepoprawne logowanie",
              "timedOut": null,
              "duration": 1622,
              "state": "passed",
              "speed": "fast",
              "pass": true,
              "fail": false,
              "pending": false,
              "context": null,
              "code": "cy.intercept(\"POST\", \"https://api.realworld.io/api/users/login\").as(\"requestLogin\");\ncy.get(\"a.nav-link\").contains(\"Sign in\").click();\ncy.login(\"test1234@test.pl\", \"12345@\");\ncy.wait(\"@requestLogin\");\ncy.get(\"@requestLogin\").then(res => {\n  console.log(res);\n  expect(res.response.statusCode).to.equal(403); // cy.fixture(\"example\").then(data => {\n  expect(res.response.statusMessage).to.equal(this.daneApi.statusMessage403); // })\n});",
              "err": {},
              "uuid": "f7a7cd05-4836-4a06-a953-7f6930b2ca8e",
              "parentUUID": "a5258807-c047-41b5-b3dd-768dbca160cb",
              "isHook": false,
              "skipped": false
            },
            {
              "title": "Poprawne logowanie",
              "fullTitle": "E2E - Testy API Poprawne logowanie",
              "timedOut": null,
              "duration": 1928,
              "state": "passed",
              "speed": "fast",
              "pass": true,
              "fail": false,
              "pending": false,
              "context": null,
              "code": "cy.intercept(\"GET\", \"https://api.realworld.io/api/tags\", {\n  fixture: 'tags.json'\n}).as(\"requestTag\");\ncy.login(\"bartek-mackiewicz@test.pl\", \"bartekmackiewicz@\");\ncy.wait(\"@requestTag\");\ncy.get(\"@requestTag\").then(res => {\n  console.log(res);\n  expect(res.response.body.tags).to.contain(\"cats\").and.to.contain(\"test\");\n});",
              "err": {},
              "uuid": "48da55ad-d14a-4748-8d93-7d2711000cb1",
              "parentUUID": "a5258807-c047-41b5-b3dd-768dbca160cb",
              "isHook": false,
              "skipped": false
            }
          ],
          "suites": [],
          "passes": [
            "93bb9460-eca3-4059-980f-f31cf9429965",
            "f7a7cd05-4836-4a06-a953-7f6930b2ca8e",
            "48da55ad-d14a-4748-8d93-7d2711000cb1"
          ],
          "failures": [],
          "pending": [],
          "skipped": [],
          "duration": 6164,
          "root": false,
          "rootEmpty": false,
          "_timeout": 2000
        }
      ],
      "passes": [],
      "failures": [],
      "pending": [],
      "skipped": [],
      "duration": 0,
      "root": true,
      "rootEmpty": true,
      "_timeout": 2000
    }
  ],
  "meta": {
    "mocha": {
      "version": "7.0.1"
    },
    "mochawesome": {
      "options": {
        "quiet": false,
        "reportFilename": "mochawesome",
        "saveHtml": false,
        "saveJson": true,
        "consoleReporter": "spec",
        "useInlineDiffs": false,
        "code": true
      },
      "version": "7.1.3"
    },
    "marge": {
      "options": {
        "id": "default",
        "reportDir": "cypress/results/mochawesome",
        "overwrite": false,
        "html": false,
        "json": true
      },
      "version": "6.2.0"
    }
  }
}