{
  "stats": {
    "suites": 1,
    "tests": 1,
    "passes": 0,
    "pending": 0,
    "failures": 1,
    "start": "2023-01-17T12:06:41.375Z",
    "end": "2023-01-17T12:06:52.575Z",
    "duration": 11200,
    "testsRegistered": 1,
    "passPercent": 0,
    "pendingPercent": 0,
    "other": 0,
    "hasOther": false,
    "skipped": 0,
    "hasSkipped": false
  },
  "results": [
    {
      "uuid": "03e17d5d-2d81-4742-b84a-e35851e9efb8",
      "title": "",
      "fullFile": "cypress/integration/examplePageObjectModel.js",
      "file": "cypress/integration/examplePageObjectModel.js",
      "beforeHooks": [],
      "afterHooks": [],
      "tests": [],
      "suites": [
        {
          "uuid": "0482273c-73a6-4b79-acea-8fe10230518e",
          "title": "E2E - Akcja wybrania opcji selekt",
          "fullFile": "",
          "file": "",
          "beforeHooks": [],
          "afterHooks": [],
          "tests": [
            {
              "title": "Wybieranie wszystkich opcji",
              "fullTitle": "E2E - Akcja wybrania opcji selekt Wybieranie wszystkich opcji",
              "timedOut": null,
              "duration": 10958,
              "state": "failed",
              "speed": null,
              "pass": false,
              "fail": true,
              "pending": false,
              "context": null,
              "code": "cy.visit(\"/akcesoria-torby-kobiety/\");\ncy.get('[aria-label=\"filtruj po Rozmiar\"]').click();\n_selectPage.default.selectAllOption(); // cy.get('[class=\"_0ofwUT KVKCn3 DpImHu n-pMx8 cXrhYr reVeb9 _0xLoFW _78xIQ- LyRfpJ zvYeCP\"]').then(select => {\n//     cy.wrap(select).find(\"label\").each(opcja =>{\n//         cy.wrap(select).select(opcja.text())\n//     })",
              "err": {
                "message": "AssertionError: Timed out retrying after 4000ms: Expected to find element: `[class=\"_0ofwUT KVKCn3 DpImHu n-pMx8 cXrhYr reVeb9 _0xLoFW _78xIQ- LyRfpJ zvYeCP\"]`, but never found it.",
                "estack": "AssertionError: Timed out retrying after 4000ms: Expected to find element: `[class=\"_0ofwUT KVKCn3 DpImHu n-pMx8 cXrhYr reVeb9 _0xLoFW _78xIQ- LyRfpJ zvYeCP\"]`, but never found it.\n    at SelectPage.get select [as select] (https://www.zalando.pl/__cypress/tests?p=cypress\\integration\\examplePageObjectModel.js:161:15)\n    at SelectPage.selectAllOption (https://www.zalando.pl/__cypress/tests?p=cypress\\integration\\examplePageObjectModel.js:165:10)\n    at Context.eval (https://www.zalando.pl/__cypress/tests?p=cypress\\integration\\examplePageObjectModel.js:134:25)",
                "diff": null
              },
              "uuid": "de82efc9-d6b3-4c3b-b050-28a20e7bd9f9",
              "parentUUID": "0482273c-73a6-4b79-acea-8fe10230518e",
              "isHook": false,
              "skipped": false
            }
          ],
          "suites": [],
          "passes": [],
          "failures": [
            "de82efc9-d6b3-4c3b-b050-28a20e7bd9f9"
          ],
          "pending": [],
          "skipped": [],
          "duration": 10958,
          "root": false,
          "rootEmpty": false,
          "_timeout": 2000
        }
      ],
      "passes": [],
      "failures": [],
      "pending": [],
      "skipped": [],
      "duration": 0,
      "root": true,
      "rootEmpty": true,
      "_timeout": 2000
    }
  ],
  "meta": {
    "mocha": {
      "version": "7.0.1"
    },
    "mochawesome": {
      "options": {
        "quiet": false,
        "reportFilename": "mochawesome",
        "saveHtml": false,
        "saveJson": true,
        "consoleReporter": "spec",
        "useInlineDiffs": false,
        "code": true
      },
      "version": "7.1.3"
    },
    "marge": {
      "options": {
        "id": "default",
        "reportDir": "cypress/results/mochawesome",
        "overwrite": false,
        "html": false,
        "json": true
      },
      "version": "6.2.0"
    }
  }
}