{
  "stats": {
    "suites": 1,
    "tests": 2,
    "passes": 2,
    "pending": 0,
    "failures": 0,
    "start": "2023-01-17T12:08:47.601Z",
    "end": "2023-01-17T12:09:15.855Z",
    "duration": 28254,
    "testsRegistered": 2,
    "passPercent": 100,
    "pendingPercent": 0,
    "other": 0,
    "hasOther": false,
    "skipped": 0,
    "hasSkipped": false
  },
  "results": [
    {
      "uuid": "f5ebf79c-45d6-43a2-984c-4f7d3fdbd455",
      "title": "",
      "fullFile": "cypress/integration/wpisywanie.js",
      "file": "cypress/integration/wpisywanie.js",
      "beforeHooks": [],
      "afterHooks": [],
      "tests": [],
      "suites": [
        {
          "uuid": "68168217-0a46-42ce-badf-8cf4eac43893",
          "title": "E2E - Akcja wpisywania",
          "fullFile": "",
          "file": "",
          "beforeHooks": [],
          "afterHooks": [],
          "tests": [
            {
              "title": "Wpisywanie wartości w pole",
              "fullTitle": "E2E - Akcja wpisywania Wpisywanie wartości w pole",
              "timedOut": null,
              "duration": 27698,
              "state": "passed",
              "speed": "slow",
              "pass": true,
              "fail": false,
              "pending": false,
              "context": null,
              "code": "cy.visit(\"/\");\ncy.searchPhrase(\"Przykładowy produkt{backspace}\", 1200); //cy.get(\".z-navicat-header_searchInput-searchContextButton\").type(\"Przykładowy produkt{backspace} {enter}\", {delay: 500})",
              "err": {},
              "uuid": "3353852e-e2c0-410d-a124-84f29cc93f8d",
              "parentUUID": "68168217-0a46-42ce-badf-8cf4eac43893",
              "isHook": false,
              "skipped": false
            },
            {
              "title": "Czyszczenie wartości z pola input",
              "fullTitle": "E2E - Akcja wpisywania Czyszczenie wartości z pola input",
              "timedOut": null,
              "duration": 515,
              "state": "passed",
              "speed": "fast",
              "pass": true,
              "fail": false,
              "pending": false,
              "context": null,
              "code": "cy.clearSearchPhrase(); //cy.get(\".z-navicat-header_searchInput-searchContextButton\").clear();",
              "err": {},
              "uuid": "66bea53d-d9e4-4193-86b6-036e3d3c029d",
              "parentUUID": "68168217-0a46-42ce-badf-8cf4eac43893",
              "isHook": false,
              "skipped": false
            }
          ],
          "suites": [],
          "passes": [
            "3353852e-e2c0-410d-a124-84f29cc93f8d",
            "66bea53d-d9e4-4193-86b6-036e3d3c029d"
          ],
          "failures": [],
          "pending": [],
          "skipped": [],
          "duration": 28213,
          "root": false,
          "rootEmpty": false,
          "_timeout": 2000
        }
      ],
      "passes": [],
      "failures": [],
      "pending": [],
      "skipped": [],
      "duration": 0,
      "root": true,
      "rootEmpty": true,
      "_timeout": 2000
    }
  ],
  "meta": {
    "mocha": {
      "version": "7.0.1"
    },
    "mochawesome": {
      "options": {
        "quiet": false,
        "reportFilename": "mochawesome",
        "saveHtml": false,
        "saveJson": true,
        "consoleReporter": "spec",
        "useInlineDiffs": false,
        "code": true
      },
      "version": "7.1.3"
    },
    "marge": {
      "options": {
        "id": "default",
        "reportDir": "cypress/results/mochawesome",
        "overwrite": false,
        "html": false,
        "json": true
      },
      "version": "6.2.0"
    }
  }
}