{
  "stats": {
    "suites": 1,
    "tests": 1,
    "passes": 1,
    "pending": 0,
    "failures": 0,
    "start": "2023-01-17T12:05:45.863Z",
    "end": "2023-01-17T12:05:51.630Z",
    "duration": 5767,
    "testsRegistered": 1,
    "passPercent": 100,
    "pendingPercent": 0,
    "other": 0,
    "hasOther": false,
    "skipped": 0,
    "hasSkipped": false
  },
  "results": [
    {
      "uuid": "39a0c111-34df-46ee-8616-e4d8ced9907c",
      "title": "",
      "fullFile": "cypress/integration/ZalandoTorby.js",
      "file": "cypress/integration/ZalandoTorby.js",
      "beforeHooks": [],
      "afterHooks": [],
      "tests": [],
      "suites": [
        {
          "uuid": "f18311c2-a87e-47df-b220-212995549c54",
          "title": "E2E - Akcje kliknięcie checkbox",
          "fullFile": "",
          "file": "",
          "beforeHooks": [],
          "afterHooks": [],
          "tests": [
            {
              "title": "checkbox",
              "fullTitle": "E2E - Akcje kliknięcie checkbox checkbox",
              "timedOut": null,
              "duration": 4718,
              "state": "passed",
              "speed": "fast",
              "pass": true,
              "fail": false,
              "pending": false,
              "context": null,
              "code": "cy.visit(\"/akcesoria-torby-kobiety/\"); //cy.contains(\"Akcesoria\").click({force: true});\n//cy.contains(\"Torby i plecaki\").click({force: true});",
              "err": {},
              "uuid": "ff9c3926-29db-443c-994d-8ab666cf12d5",
              "parentUUID": "f18311c2-a87e-47df-b220-212995549c54",
              "isHook": false,
              "skipped": false
            }
          ],
          "suites": [],
          "passes": [
            "ff9c3926-29db-443c-994d-8ab666cf12d5"
          ],
          "failures": [],
          "pending": [],
          "skipped": [],
          "duration": 4718,
          "root": false,
          "rootEmpty": false,
          "_timeout": 2000
        }
      ],
      "passes": [],
      "failures": [],
      "pending": [],
      "skipped": [],
      "duration": 0,
      "root": true,
      "rootEmpty": true,
      "_timeout": 2000
    }
  ],
  "meta": {
    "mocha": {
      "version": "7.0.1"
    },
    "mochawesome": {
      "options": {
        "quiet": false,
        "reportFilename": "mochawesome",
        "saveHtml": false,
        "saveJson": true,
        "consoleReporter": "spec",
        "useInlineDiffs": false,
        "code": true
      },
      "version": "7.1.3"
    },
    "marge": {
      "options": {
        "id": "default",
        "reportDir": "cypress/results/mochawesome",
        "overwrite": false,
        "html": false,
        "json": true
      },
      "version": "6.2.0"
    }
  }
}