{
  "stats": {
    "suites": 1,
    "tests": 1,
    "passes": 1,
    "pending": 0,
    "failures": 0,
    "start": "2023-01-17T12:06:25.388Z",
    "end": "2023-01-17T12:06:29.673Z",
    "duration": 4285,
    "testsRegistered": 1,
    "passPercent": 100,
    "pendingPercent": 0,
    "other": 0,
    "hasOther": false,
    "skipped": 0,
    "hasSkipped": false
  },
  "results": [
    {
      "uuid": "ae67481f-d10c-4c05-a919-bdd20744abed",
      "title": "",
      "fullFile": "cypress/integration/asercje.js",
      "file": "cypress/integration/asercje.js",
      "beforeHooks": [],
      "afterHooks": [],
      "tests": [],
      "suites": [
        {
          "uuid": "cad6bf50-be5c-49dc-9156-e9bd440992ef",
          "title": "E2E - Asercje",
          "fullFile": "",
          "file": "",
          "beforeHooks": [],
          "afterHooks": [],
          "tests": [
            {
              "title": "Asercje expect oraz should",
              "fullTitle": "E2E - Asercje Asercje expect oraz should",
              "timedOut": null,
              "duration": 3863,
              "state": "passed",
              "speed": "fast",
              "pass": true,
              "fail": false,
              "pending": false,
              "context": null,
              "code": "cy.visit(\"/\"); //Weryfikacja tekstu\ncy.get('a[title=\"Lista życzeń\"]').should(\"contain\", \"Lista życzeń\");\ncy.get('a[title=\"Lista życzeń\"]').then(zakladka => {\n  expect(zakladka).to.contain(\"Lista życzeń\"); //Sprawdzenie czy nie zawiera tekstu\n  cy.get('a[title=\"Lista życzeń\"]').should(\"not.contain\", \"adffg\");\n  cy.get('a[title=\"Lista życzeń\"]').then(zakladka => {\n    expect(zakladka).not.to.contain(\"asadaf us\");\n  });\n}); //Weryfikacja czy znacznik posiada znacznik\ncy.get('input[accesskey=\"F\"]').should(\"have.class\", \"z-navicat-header_searchInput-searchContextButton\");\ncy.get('input[accesskey=\"F\"]').then(wyszukiwarka => {\n  expect(wyszukiwarka).to.have.class(\"z-navicat-header_searchInput-searchContextButton\");\n}); //Czy element jest widoczny\ncy.get('input[accesskey=\"F\"]').should(\"be.visible\"); //cy.get('input[accesskey=\"F\"]').should(\"not.be.visible\");\ncy.get('input[accesskey=\"F\"]').then(wyszukiwarka => {\n  expect(wyszukiwarka).to.be.visible;\n}); //Werefikacja ilości pobranych elementów\ncy.get(\"ul.z-navicat-header_categoryPanelGrid\").find(\"li\").should(\"have.length\", 9);\ncy.get(\"ul.z-navicat-header_categoryPanelGrid\").find(\"li\").then(zakladki => {\n  expect(zakladki).to.have.length(9);\n}); //Werefikacja wartość css danego elementu\ncy.get('input[accesskey=\"F\"]').should(\"have.css\", \"font-size\", \"16px\");\ncy.get('input[accesskey=\"F\"]').then(wyszukiwarka => {\n  expect(wyszukiwarka).to.have.css(\"font-size\", \"16px\");\n});",
              "err": {},
              "uuid": "03e5a5b8-1fe6-416b-9608-54e27e64011e",
              "parentUUID": "cad6bf50-be5c-49dc-9156-e9bd440992ef",
              "isHook": false,
              "skipped": false
            }
          ],
          "suites": [],
          "passes": [
            "03e5a5b8-1fe6-416b-9608-54e27e64011e"
          ],
          "failures": [],
          "pending": [],
          "skipped": [],
          "duration": 3863,
          "root": false,
          "rootEmpty": false,
          "_timeout": 2000
        }
      ],
      "passes": [],
      "failures": [],
      "pending": [],
      "skipped": [],
      "duration": 0,
      "root": true,
      "rootEmpty": true,
      "_timeout": 2000
    }
  ],
  "meta": {
    "mocha": {
      "version": "7.0.1"
    },
    "mochawesome": {
      "options": {
        "quiet": false,
        "reportFilename": "mochawesome",
        "saveHtml": false,
        "saveJson": true,
        "consoleReporter": "spec",
        "useInlineDiffs": false,
        "code": true
      },
      "version": "7.1.3"
    },
    "marge": {
      "options": {
        "id": "default",
        "reportDir": "cypress/results/mochawesome",
        "overwrite": false,
        "html": false,
        "json": true
      },
      "version": "6.2.0"
    }
  }
}