{
  "stats": {
    "suites": 1,
    "tests": 1,
    "passes": 1,
    "pending": 0,
    "failures": 0,
    "start": "2023-01-17T12:07:06.457Z",
    "end": "2023-01-17T12:07:12.558Z",
    "duration": 6101,
    "testsRegistered": 1,
    "passPercent": 100,
    "pendingPercent": 0,
    "other": 0,
    "hasOther": false,
    "skipped": 0,
    "hasSkipped": false
  },
  "results": [
    {
      "uuid": "73673eaf-a5b0-4040-85bb-4b4f794ce170",
      "title": "",
      "fullFile": "cypress/integration/klikniecie.js",
      "file": "cypress/integration/klikniecie.js",
      "beforeHooks": [],
      "afterHooks": [],
      "tests": [],
      "suites": [
        {
          "uuid": "67c581d1-67f4-4687-ae3c-7802040116eb",
          "title": "E2E - Akcje kliknięcia",
          "fullFile": "",
          "file": "",
          "beforeHooks": [],
          "afterHooks": [],
          "tests": [
            {
              "title": "kliknięcie na element",
              "fullTitle": "E2E - Akcje kliknięcia kliknięcie na element",
              "timedOut": null,
              "duration": 5958,
              "state": "passed",
              "speed": "medium",
              "pass": true,
              "fail": false,
              "pending": false,
              "context": null,
              "code": "cy.visit(\"/\");\ncy.get(\".z-navicat-header_navToolItem-wishlist\").click();\ncy.get('[class=\"b69iQl _5Yd-hZ\"]').eq(0).click({\n  force: true\n}); //cy.get('[aria-hidden=\"true\"]').eq(1).click();",
              "err": {},
              "uuid": "251a970e-6da1-4e27-84a3-8148cd725755",
              "parentUUID": "67c581d1-67f4-4687-ae3c-7802040116eb",
              "isHook": false,
              "skipped": false
            }
          ],
          "suites": [],
          "passes": [
            "251a970e-6da1-4e27-84a3-8148cd725755"
          ],
          "failures": [],
          "pending": [],
          "skipped": [],
          "duration": 5958,
          "root": false,
          "rootEmpty": false,
          "_timeout": 2000
        }
      ],
      "passes": [],
      "failures": [],
      "pending": [],
      "skipped": [],
      "duration": 0,
      "root": true,
      "rootEmpty": true,
      "_timeout": 2000
    }
  ],
  "meta": {
    "mocha": {
      "version": "7.0.1"
    },
    "mochawesome": {
      "options": {
        "quiet": false,
        "reportFilename": "mochawesome",
        "saveHtml": false,
        "saveJson": true,
        "consoleReporter": "spec",
        "useInlineDiffs": false,
        "code": true
      },
      "version": "7.1.3"
    },
    "marge": {
      "options": {
        "id": "default",
        "reportDir": "cypress/results/mochawesome",
        "overwrite": false,
        "html": false,
        "json": true
      },
      "version": "6.2.0"
    }
  }
}