<?xml version="1.0" encoding="UTF-8"?>
<testsuites name="Mocha Tests" time="7.643" tests="1" failures="0">
  <testsuite name="Root Suite" timestamp="2023-01-17T12:09:20" tests="0" file="cypress/integration/zmienne.js" time="0.000" failures="0">
  </testsuite>
  <testsuite name="E2E - Zmienne" timestamp="2023-01-17T12:09:20" tests="1" time="7.460" failures="0">
    <testcase name="E2E - Zmienne Zmienne środowiskowe" time="2.474" classname="Zmienne środowiskowe">
    </testcase>
  </testsuite>
</testsuites>