<?xml version="1.0" encoding="UTF-8"?>
<testsuites name="Mocha Tests" time="5.660" tests="1" failures="0">
  <testsuite name="Root Suite" timestamp="2023-01-17T12:07:50" tests="0" file="cypress/integration/shadow.js" time="0.000" failures="0">
  </testsuite>
  <testsuite name="E2E - Shadow Dom" timestamp="2023-01-17T12:07:50" tests="1" time="5.472" failures="0">
    <testcase name="E2E - Shadow Dom Wykorzystanie metody shadow" time="1.961" classname="Wykorzystanie metody shadow">
    </testcase>
  </testsuite>
</testsuites>