<?xml version="1.0" encoding="UTF-8"?>
<testsuites name="Mocha Tests" time="12.852" tests="1" failures="1">
  <testsuite name="Root Suite" timestamp="2023-01-17T12:08:29" tests="0" file="cypress/integration/wgrywaniePliku.js" time="0.000" failures="0">
  </testsuite>
  <testsuite name="E2E - W   Wgrywanie pliku" timestamp="2023-01-17T12:08:29" tests="1" time="12.730" failures="1">
    <testcase name="E2E - W   Wgrywanie pliku wgrywanie pliku do inputa poczta WP" time="0.000" classname="wgrywanie pliku do inputa poczta WP">
      <failure message="Timed out retrying after 4000ms: Expected to find element: `span.filename`, but never found it." type="AssertionError"><![CDATA[AssertionError: Timed out retrying after 4000ms: Expected to find element: `span.filename`, but never found it.
    at Context.eval (https://files.fm/__cypress/tests?p=cypress\integration\wgrywaniePliku.js:106:29)]]></failure>
    </testcase>
  </testsuite>
</testsuites>