<?xml version="1.0" encoding="UTF-8"?>
<testsuites name="Mocha Tests" time="1.397" tests="1" failures="1">
  <testsuite name="Root Suite" timestamp="2023-01-17T12:06:05" tests="0" file="cypress/integration/api/drugiTestAPI.js" time="0.000" failures="0">
  </testsuite>
  <testsuite name="Wykonywanie zapytania bezpośrednio do API" timestamp="2023-01-17T12:06:05" tests="1" time="1.294" failures="1">
    <testcase name="Wykonywanie zapytania bezpośrednio do API Autoryzacja + Dodawanie nowego artykułu" time="0.000" classname="Autoryzacja + Dodawanie nowego artykułu">
      <failure message="`cy.request()` failed on:

https://api.realworld.io/api/articles/

The response we received from your web server was:

  &gt; 422: Unprocessable Entity

This was considered a failure because the status code was not `2xx` or `3xx`.

If you do not want status codes to cause failures pass the option: `failOnStatusCode: false`

-----------------------------------------------------------

The request we sent was:

Method: POST
URL: https://api.realworld.io/api/articles/
Headers: {
  &quot;Connection&quot;: &quot;keep-alive&quot;,
  &quot;Authorization&quot;: &quot;Token eyJhbGciOiJIUzI1NiIsInR5cCI6IkpXVCJ9.eyJlbWFpbCI6ImJhcnRlay1tYWNraWV3aWN6QHRlc3QucGwiLCJ1c2VybmFtZSI6ImJhcnRlay1tYWNraWV3aWN6IiwiaWF0IjoxNjczOTU3MTY1LCJleHAiOjE2NzkxNDExNjV9.7qOauCEyF4387YNDqZbYWbTfO8wH_D0u_iFtcwDnk-I&quot;,
  &quot;user-agent&quot;: &quot;Mozilla/5.0 (Windows NT 10.0; Win64; x64) AppleWebKit/537.36 (KHTML, like Gecko) Cypress/9.5.1 Chrome/94.0.4606.81 Electron/15.3.4 Safari/537.36&quot;,
  &quot;accept&quot;: &quot;*/*&quot;,
  &quot;accept-encoding&quot;: &quot;gzip, deflate&quot;,
  &quot;content-type&quot;: &quot;application/json&quot;,
  &quot;content-length&quot;: 103
}
Body: {&quot;article&quot;:{&quot;tagList&quot;:[],&quot;title&quot;:&quot;test tytuł bezpośrednio z API&quot;,&quot;description&quot;:&quot;test&quot;,&quot;body&quot;:&quot;test&quot;}}

-----------------------------------------------------------

The response we got was:

Status: 422 - Unprocessable Entity
Headers: {
  &quot;date&quot;: &quot;Tue, 17 Jan 2023 12:06:05 GMT&quot;,
  &quot;content-type&quot;: &quot;application/json; charset=utf-8&quot;,
  &quot;content-length&quot;: &quot;39&quot;,
  &quot;connection&quot;: &quot;keep-alive&quot;,
  &quot;x-powered-by&quot;: &quot;Express&quot;,
  &quot;access-control-allow-origin&quot;: &quot;*&quot;,
  &quot;etag&quot;: &quot;W/\&quot;27-BNeuaWQ7DHvW/r+pl+qdJiF06Is\&quot;&quot;,
  &quot;via&quot;: &quot;1.1 vegur&quot;,
  &quot;cf-cache-status&quot;: &quot;DYNAMIC&quot;,
  &quot;report-to&quot;: &quot;{\&quot;endpoints\&quot;:[{\&quot;url\&quot;:\&quot;https:\\/\\/a.nel.cloudflare.com\\/report\\/v3?s=2fQb4t3cmFoosJuXoJS4BnQfB8RhIGQizBXgMrC6%2FHzIz7meNydRwHgEuX8FPQoZZv8vbxmYkARvv3GC3Ofwkd2YtlotW8InavenB3yUyaEibdZWuzCU047roNcWd21CEVY2\&quot;}],\&quot;group\&quot;:\&quot;cf-nel\&quot;,\&quot;max_age\&quot;:604800}&quot;,
  &quot;nel&quot;: &quot;{\&quot;success_fraction\&quot;:0,\&quot;report_to\&quot;:\&quot;cf-nel\&quot;,\&quot;max_age\&quot;:604800}&quot;,
  &quot;server&quot;: &quot;cloudflare&quot;,
  &quot;cf-ray&quot;: &quot;78aef67bbdf7bf26-WAW&quot;,
  &quot;alt-svc&quot;: &quot;h3=\&quot;:443\&quot;; ma=86400, h3-29=\&quot;:443\&quot;; ma=86400&quot;
}
Body: {
  &quot;errors&quot;: {
    &quot;title&quot;: [
      &quot;must be unique&quot;
    ]
  }
}


https://on.cypress.io/request" type="CypressError"><![CDATA[CypressError: `cy.request()` failed on:

https://api.realworld.io/api/articles/

The response we received from your web server was:

  > 422: Unprocessable Entity

This was considered a failure because the status code was not `2xx` or `3xx`.

If you do not want status codes to cause failures pass the option: `failOnStatusCode: false`

-----------------------------------------------------------

The request we sent was:

Method: POST
URL: https://api.realworld.io/api/articles/
Headers: {
  "Connection": "keep-alive",
  "Authorization": "Token eyJhbGciOiJIUzI1NiIsInR5cCI6IkpXVCJ9.eyJlbWFpbCI6ImJhcnRlay1tYWNraWV3aWN6QHRlc3QucGwiLCJ1c2VybmFtZSI6ImJhcnRlay1tYWNraWV3aWN6IiwiaWF0IjoxNjczOTU3MTY1LCJleHAiOjE2NzkxNDExNjV9.7qOauCEyF4387YNDqZbYWbTfO8wH_D0u_iFtcwDnk-I",
  "user-agent": "Mozilla/5.0 (Windows NT 10.0; Win64; x64) AppleWebKit/537.36 (KHTML, like Gecko) Cypress/9.5.1 Chrome/94.0.4606.81 Electron/15.3.4 Safari/537.36",
  "accept": "*/*",
  "accept-encoding": "gzip, deflate",
  "content-type": "application/json",
  "content-length": 103
}
Body: {"article":{"tagList":[],"title":"test tytuł bezpośrednio z API","description":"test","body":"test"}}

-----------------------------------------------------------

The response we got was:

Status: 422 - Unprocessable Entity
Headers: {
  "date": "Tue, 17 Jan 2023 12:06:05 GMT",
  "content-type": "application/json; charset=utf-8",
  "content-length": "39",
  "connection": "keep-alive",
  "x-powered-by": "Express",
  "access-control-allow-origin": "*",
  "etag": "W/\"27-BNeuaWQ7DHvW/r+pl+qdJiF06Is\"",
  "via": "1.1 vegur",
  "cf-cache-status": "DYNAMIC",
  "report-to": "{\"endpoints\":[{\"url\":\"https:\\/\\/a.nel.cloudflare.com\\/report\\/v3?s=2fQb4t3cmFoosJuXoJS4BnQfB8RhIGQizBXgMrC6%2FHzIz7meNydRwHgEuX8FPQoZZv8vbxmYkARvv3GC3Ofwkd2YtlotW8InavenB3yUyaEibdZWuzCU047roNcWd21CEVY2\"}],\"group\":\"cf-nel\",\"max_age\":604800}",
  "nel": "{\"success_fraction\":0,\"report_to\":\"cf-nel\",\"max_age\":604800}",
  "server": "cloudflare",
  "cf-ray": "78aef67bbdf7bf26-WAW",
  "alt-svc": "h3=\":443\"; ma=86400, h3-29=\":443\"; ma=86400"
}
Body: {
  "errors": {
    "title": [
      "must be unique"
    ]
  }
}


https://on.cypress.io/request
    at https://www.zalando.pl/__cypress/runner/cypress_runner.js:160634:80
    at tryCatcher (https://www.zalando.pl/__cypress/runner/cypress_runner.js:13022:23)
    at Promise._settlePromiseFromHandler (https://www.zalando.pl/__cypress/runner/cypress_runner.js:10957:31)
    at Promise._settlePromise (https://www.zalando.pl/__cypress/runner/cypress_runner.js:11014:18)
    at Promise._settlePromise0 (https://www.zalando.pl/__cypress/runner/cypress_runner.js:11059:10)
    at Promise._settlePromises (https://www.zalando.pl/__cypress/runner/cypress_runner.js:11139:18)
    at _drainQueueStep (https://www.zalando.pl/__cypress/runner/cypress_runner.js:7729:12)
    at _drainQueue (https://www.zalando.pl/__cypress/runner/cypress_runner.js:7722:9)
    at Async.../../node_modules/bluebird/js/release/async.js.Async._drainQueues (https://www.zalando.pl/__cypress/runner/cypress_runner.js:7738:5)
    at Async.drainQueues (https://www.zalando.pl/__cypress/runner/cypress_runner.js:7608:14)
From Your Spec Code:
    at Context.eval (https://www.zalando.pl/__cypress/tests?p=cypress\integration\api\drugiTestAPI.js:123:10)]]></failure>
    </testcase>
  </testsuite>
</testsuites>