<?xml version="1.0" encoding="UTF-8"?>
<testsuites name="Mocha Tests" time="28.254" tests="2" failures="0">
  <testsuite name="Root Suite" timestamp="2023-01-17T12:08:47" tests="0" file="cypress/integration/wpisywanie.js" time="0.000" failures="0">
  </testsuite>
  <testsuite name="E2E - Akcja wpisywania" timestamp="2023-01-17T12:08:47" tests="2" time="28.118" failures="0">
    <testcase name="E2E - Akcja wpisywania Wpisywanie wartości w pole" time="27.698" classname="Wpisywanie wartości w pole">
    </testcase>
    <testcase name="E2E - Akcja wpisywania Czyszczenie wartości z pola input" time="0.515" classname="Czyszczenie wartości z pola input">
    </testcase>
  </testsuite>
</testsuites>