<?xml version="1.0" encoding="UTF-8"?>
<testsuites name="Mocha Tests" time="7.252" tests="1" failures="0">
  <testsuite name="Root Suite" timestamp="2023-01-16T13:32:38" tests="0" file="cypress/integration/klikniecie.js" time="0.000" failures="0">
  </testsuite>
  <testsuite name="E2E - Akcje kliknięcia" timestamp="2023-01-16T13:32:39" tests="1" time="7.136" failures="0">
    <testcase name="E2E - Akcje kliknięcia kliknięcie na element" time="7.121" classname="kliknięcie na element">
    </testcase>
  </testsuite>
</testsuites>